root@6b0c533fcceb:/workspaces/linux-study# sar -r 1
Linux 5.15.49-linuxkit (6b0c533fcceb)   06/07/23        _aarch64_       (4 CPU)

23:34:44    kbmemfree   kbavail kbmemused  %memused kbbuffers  kbcached  kbcommit   %commit  kbactive   kbinact   kbdirty
23:34:45      2410588   6822620   5730624     70.39    199000   4570496   5955800     64.81   1725308   3658180         0
23:34:46      2405992   6818032   5735220     70.45    199000   4570496   5860576     63.77   1725304   3658596         0
23:34:47      2406084   6818124   5735128     70.45    199000   4570496   5858320     63.75   1725300   3658296         0
23:34:48      2406972   6819012   5734240     70.43    199000   4570496   5858320     63.75   1725288   3657708         0
23:34:49      2406868   6818912   5734344     70.44    199008   4570496   5858320     63.75   1725296   3658068         0
23:34:50      2408380   6820428   5732832     70.42    199008   4570496   5860576     63.77   1725316   3659104         0
23:34:51      2408380   6820428   5732832     70.42    199008   4570496   5858320     63.75   1725304   3658780         0
23:34:52      2408380   6820428   5732832     70.42    199008   4570496   5858320     63.75   1725300   3658860         0
23:34:53      2408128   6820188   5733084     70.42    199008   4570496   5858320     63.75   1725300   3658800         0
23:34:54      2407876   6819944   5733336     70.42    199016   4570496   5858320     63.75   1725304   3658460         0
23:34:55      2404104   6816168   5737108     70.47    199016   4570496   5886196     64.05   1725316   3658616         0
23:34:56      2402200   6814268   5739012     70.49    199016   4570496   5860140     63.77   1725324   3661532        72

23:34:56    kbmemfree   kbavail kbmemused  %memused kbbuffers  kbcached  kbcommit   %commit  kbactive   kbinact   kbdirty
23:34:57      2403640   6815708   5737572     70.48    199016   4570496   5861268     63.78   1725340   3663944        72
23:34:58      2402664   6814732   5738548     70.49    199016   4570496   5860140     63.77   1725332   3665944        72
23:34:59      2402412   6814476   5738800     70.49    199016   4570496   5860140     63.77   1725328   3666712        72
23:35:00      2400640   6812712   5740572     70.51    199024   4570496   5861268     63.78   1725348   3664136        76
23:35:01      2405276   6817348   5735936     70.46    199024   4570496   5861268     63.78   1725352   3663224        76
23:35:02      2403684   6815792   5737528     70.48    199024   4570496   5860140     63.77   1725348   3661320        76
23:35:03      2402932   6815016   5738280     70.48    199024   4570496   5860140     63.77   1725348   3662672        76
23:35:04      2402320   6814404   5738892     70.49    199024   4570496   5860140     63.77   1725344   3662860        76
23:35:05      2401696   6813780   5739516     70.50    199032   4570496   5861268     63.78   1725348   3664260        76
23:35:06      2401496   6813588   5739716     70.50    199032   4570496   5860140     63.77   1725356   3664728        76
23:35:07      2400748   6812840   5740464     70.51    199032   4570496   5860140     63.77   1725360   3662524        76
23:35:08      2401036   6813124   5740176     70.51    199032   4570496   5860140     63.77   1725356   3662348        76

23:35:08    kbmemfree   kbavail kbmemused  %memused kbbuffers  kbcached  kbcommit   %commit  kbactive   kbinact   kbdirty
23:35:09      2402212   6814300   5739000     70.49    199032   4570496   5860140     63.77   1725356   3661020        76
23:35:10      2397968   6810076   5743244     70.55    199040   4570496   5861268     63.78   1725376   3663136        76
23:35:11      2399348   6811456   5741864     70.53    199040   4570496   5860140     63.77   1725372   3664204        76
23:35:12      2398864   6810972   5742348     70.53    199040   4570496   5860140     63.77   1725360   3663032        76
23:35:13      2398312   6810420   5742900     70.54    199040   4570496   5860140     63.77   1725364   3663336        76
23:35:14      2399024   6811132   5742188     70.53    199040   4570496   5860140     63.77   1725360   3663196        76
23:35:15      2397364   6809480   5743848     70.55    199048   4570496   5861268     63.78   1725384   3664512        76
23:35:16      2398380   6810496   5742832     70.54    199048   4570496   5860140     63.77   1725376   3663712        76
23:35:17      2399112   6811228   5742100     70.53    199048   4570496   5860140     63.77   1725372   3663352        76
23:35:18      2398396   6810512   5742816     70.54    199048   4570496   5860140     63.77   1725372   3663012        76
23:35:19      2397388   6809504   5743824     70.55    199048   4570496   5860140     63.77   1725368   3661808        76
23:35:20      2399216   6811340   5741996     70.53    199056   4570496   5861268     63.78   1725384   3659552        76

23:35:20    kbmemfree   kbavail kbmemused  %memused kbbuffers  kbcached  kbcommit   %commit  kbactive   kbinact   kbdirty
23:35:21      2399148   6811272   5742064     70.53    199056   4570496   5860140     63.77   1725384   3660444        76
23:35:22      2398732   6810828   5742480     70.54    199056   4570496   5860300     63.77   1725380   3662844        76
23:35:23      2398948   6811044   5742264     70.53    199056   4570496   5860300     63.77   1725380   3661732        76
23:35:24      2400136   6812232   5741076     70.52    199056   4570496   5860300     63.77   1725376   3659704        76
23:35:25      2399880   6811984   5741332     70.52    199064   4570496   5861908     63.79   1725396   3664556        76
23:35:26      2399072   6811176   5742140     70.53    199064   4570496   5860780     63.77   1725388   3663796        76
23:35:27      2399540   6811636   5741672     70.53    199064   4570496   5860780     63.77   1725388   3662400        76
23:35:28      2397564   6809664   5743648     70.55    199064   4570496   5860780     63.77   1725388   3664924         4
23:35:29      2399076   6811176   5742136     70.53    199064   4570496   5860780     63.77   1725388   3661612         4
23:35:30      2401212   6813312   5740000     70.51    199072   4570496   5861908     63.79   1725396   3661996         4
23:35:31      2399884   6811996   5741328     70.52    199072   4570496   5860780     63.77   1725396   3664308         4
23:35:32      2400812   6812924   5740400     70.51    199072   4570496   5860780     63.77   1725396   3660988         4

23:35:32    kbmemfree   kbavail kbmemused  %memused kbbuffers  kbcached  kbcommit   %commit  kbactive   kbinact   kbdirty
23:35:33      2399812   6811924   5741400     70.52    199072   4570496   5860780     63.77   1725396   3663044         0
23:35:34      2397064   6809176   5744148     70.56    199072   4570496   5860780     63.77   1725396   3665928         0
23:35:35      2395964   6808076   5745248     70.57    199080   4570488   5861908     63.79   1725404   3665652         0
23:35:36      2396160   6808280   5745052     70.57    199080   4570496   5860780     63.77   1725408   3665860         0
23:35:37      2398032   6810148   5743180     70.54    199080   4570496   5860780     63.77   1725404   3665604         0
23:35:38      2397868   6809984   5743344     70.55    199080   4570496   5860780     63.77   1725404   3665484         0
23:35:39      2398884   6811000   5742328     70.53    199080   4570496   5860780     63.77   1725404   3663796         0
23:35:40      2397592   6809708   5743620     70.55    199080   4570496   5861908     63.79   1725408   3662960         0
23:35:41      2397164   6809280   5744048     70.56    199088   4570496   5860780     63.77   1725412   3663492         0
23:35:42      2397044   6809160   5744168     70.56    199088   4570496   5860780     63.77   1725408   3663424         0
23:35:43      2396996   6809112   5744216     70.56    199088   4570496   5860780     63.77   1725408   3665564         0
23:35:44      2396296   6808412   5744916     70.57    199088   4570496   5860780     63.77   1725412   3666360         0

23:35:44    kbmemfree   kbavail kbmemused  %memused kbbuffers  kbcached  kbcommit   %commit  kbactive   kbinact   kbdirty
23:35:45      2395228   6807344   5745984     70.58    199088   4570496   5861908     63.79   1725416   3666476         0
23:35:46      2395756   6807884   5745456     70.57    199096   4570496   5860780     63.77   1725424   3665952         0
23:35:47      2395660   6807788   5745552     70.57    199096   4570496   5860780     63.77   1725420   3666460         0
23:35:48      2395104   6807232   5746108     70.58    199096   4570496   5860780     63.77   1725420   3667264         0
23:35:49      2397972   6810100   5743240     70.55    199096   4570496   5860780     63.77   1725424   3663840         0
23:35:50      2397840   6809972   5743372     70.55    199096   4570496   5861908     63.79   1725428   3667232         0
23:35:51      2397512   6809644   5743700     70.55    199104   4570488   5860780     63.77   1725428   3667108         0
23:35:52      2396348   6808480   5744864     70.57    199104   4570496   5860780     63.77   1725428   3667016         0
23:35:53      2396240   6808372   5744972     70.57    199104   4570496   5860780     63.77   1725428   3666440         0
23:35:54      2396316   6808448   5744896     70.57    199104   4570496   5860780     63.77   1725428   3667172         0
23:35:55      2391008   6803136   5750204     70.63    199104   4570496   5861908     63.79   1725436   3668576         0
23:35:56      2392532   6804660   5748680     70.61    199112   4570488   5860780     63.77   1725428   3666944         0

23:35:56    kbmemfree   kbavail kbmemused  %memused kbbuffers  kbcached  kbcommit   %commit  kbactive   kbinact   kbdirty
23:35:57      2392548   6804684   5748664     70.61    199112   4570496   5860780     63.77   1725436   3665704         0
23:35:58      2393172   6805308   5748040     70.60    199112   4570496   5860780     63.77   1725440   3665448         0
23:35:59      2391840   6803976   5749372     70.62    199112   4570496   5860780     63.77   1725432   3666276         0
23:36:00      2388868   6800996   5752344     70.66    199112   4570496   5861908     63.79   1725444   3669164         0
23:36:01      2391432   6803560   5749780     70.63    199120   4570488   5860928     63.78   1725444   3666956         0
23:36:02      2392456   6804592   5748756     70.61    199120   4570496   5860928     63.78   1725444   3665908         0
23:36:03      2396112   6808248   5745100     70.57    199120   4570496   5860928     63.78   1725440   3666584         0
23:36:04      2395472   6807608   5745740     70.58    199120   4570496   5860928     63.78   1725444   3668224         0
23:36:05      2394032   6806172   5747180     70.59    199120   4570496   5862056     63.79   1725456   3669444         0
23:36:06      2396964   6809116   5744248     70.56    199128   4570496   5860928     63.78   1725452   3665948         0
23:36:07      2396636   6808788   5744576     70.56    199128   4570496   5860928     63.78   1725452   3666720         0
23:36:08      2397464   6809616   5743748     70.55    199128   4570496   5860928     63.78   1725452   3667672         0

23:36:08    kbmemfree   kbavail kbmemused  %memused kbbuffers  kbcached  kbcommit   %commit  kbactive   kbinact   kbdirty
23:36:09      2397372   6809524   5743840     70.55    199128   4570496   5860928     63.78   1725452   3668092         0
23:36:10      2395912   6808060   5745300     70.57    199128   4570496   5862056     63.79   1725464   3669680         0
23:36:11      2396452   6808600   5744760     70.56    199136   4570488   5860928     63.78   1725464   3668864         0
23:36:12      2398068   6810224   5743144     70.54    199136   4570496   5860928     63.78   1725460   3669180         0
23:36:13      2396872   6809028   5744340     70.56    199136   4570496   5860928     63.78   1725460   3668984         0
23:36:14      2397444   6809600   5743768     70.55    199136   4570496   5860928     63.78   1725460   3668620         0
23:36:15      2395976   6808136   5745236     70.57    199136   4570496   5862056     63.79   1725456   3668916         0
23:36:16      2394860   6807020   5746352     70.58    199144   4570496   5860928     63.78   1725464   3670292         0
23:36:17      2393184   6805344   5748028     70.60    199144   4570496   5860928     63.78   1725468   3669068         0
23:36:18      2392364   6804524   5748848     70.61    199144   4570496   5860928     63.78   1725468   3669068         0
23:36:19      2396548   6808704   5744664     70.56    199144   4570496   5860928     63.78   1725472   3665424         0
23:36:20      2393668   6805824   5747544     70.60    199144   4570496   5862056     63.79   1725464   3666536         0

23:36:20    kbmemfree   kbavail kbmemused  %memused kbbuffers  kbcached  kbcommit   %commit  kbactive   kbinact   kbdirty
23:36:21      2390264   6802452   5750948     70.64    199152   4570496   5860928     63.78   1725468   3667536         0
23:36:22      2396576   6808772   5744636     70.56    199152   4570496   5860928     63.78   1725476   3662148         0
23:36:23      2395412   6807608   5745800     70.58    199152   4570496   5860928     63.78   1725472   3664604         0
23:36:24      2394900   6807092   5746312     70.58    199152   4570496   5860928     63.78   1725476   3667644         0
23:36:25      2393272   6805464   5747940     70.60    199152   4570496   5862056     63.79   1725480   3667868         0
23:36:26      2392940   6805136   5748272     70.61    199160   4570492   5860928     63.78   1725488   3669484         0
23:36:27      2393616   6805820   5747596     70.60    199160   4570496   5860928     63.78   1725484   3668304         0
23:36:28      2393064   6805268   5748148     70.61    199160   4570496   5859892     63.77   1725484   3666952         0
23:36:29      2392520   6804704   5748692     70.61    199160   4570496   5861724     63.79   1725500   3665752         4
23:36:30      2396656   6808884   5744556     70.56    199160   4570496   5861020     63.78   1725500   3665376         4
23:36:31      2397520   6813436   5743692     70.55    199164   4574180   5860028     63.77   1725492   3667584         4
23:36:32      2375344   6803484   5765868     70.82    199164   4586384   5860028     63.77   1725488   3683660         4

23:36:32    kbmemfree   kbavail kbmemused  %memused kbbuffers  kbcached  kbcommit   %commit  kbactive   kbinact   kbdirty
23:36:33      2359188   6799592   5782024     71.02    199164   4598680   5860028     63.77   1725488   3698544         4
23:36:34      2344196   6797776   5797016     71.21    199164   4611804   5861328     63.78   1725496   3712736         4
23:36:35      2332852   6798692   5808360     71.35    199164   4624000   5861444     63.78   1725496   3723344         4
23:36:36      2324032   6801668   5817180     71.45    199168   4635804   5860316     63.77   1725492   3733628         4
23:36:37      2305880   6796356   5835332     71.68    199168   4648576   5860316     63.77   1725492   3750900         4
23:36:38      2298236   6800980   5842976     71.77    199168   4660864   5860316     63.77   1725492   3759988         4
23:36:39      2283188   6797916   5858024     71.96    199168   4672836   5860316     63.77   1725496   3773484         4
23:36:40      2268848   6796504   5872364     72.13    199168   4685696   5861444     63.78   1725508   3786924         4
23:36:41      2258664   6798632   5882548     72.26    199176   4697840   5860316     63.77   1725504   3797732         4
23:36:42      2244760   6797020   5896452     72.43    199176   4710272   5860316     63.77   1725500   3811728         4
23:36:43      2234024   6798248   5907188     72.56    199176   4722076   5860316     63.77   1725500   3821848         4
23:36:44      2221016   6797868   5920196     72.72    199176   4734848   5860316     63.77   1725500   3835268         4

23:36:44    kbmemfree   kbavail kbmemused  %memused kbbuffers  kbcached  kbcommit   %commit  kbactive   kbinact   kbdirty
23:36:45      2208812   6795332   5932400     72.87    199176   4744436   5861444     63.78   1725500   3845952         4
23:36:46      2197988   6797240   5943224     73.00    199184   4757120   5860316     63.77   1725508   3858044         4
23:36:47      2186420   6797184   5954792     73.14    199184   4768660   5860316     63.77   1725508   3869272         4
23:36:48      2174076   6797440   5967136     73.30    199184   4781272   5860316     63.77   1725512   3881728         4
23:36:49      2160344   6795772   5980868     73.46    199184   4793228   5860316     63.77   1725508   3895320         4
23:36:50      2146932   6795128   5994280     73.63    199184   4805856   5861444     63.78   1725524   3908940         4
23:36:51      2135264   6795656   6005948     73.77    199192   4818136   5860316     63.77   1725520   3920932         4
23:36:52      2122448   6795224   6018764     73.93    199192   4830528   5860316     63.77   1725516   3933292         4
23:36:53      2109752   6795244   6031460     74.09    199192   4843228   5860316     63.77   1725516   3946136         4
23:36:54      2096828   6794672   6044384     74.24    199192   4855596   5860316     63.77   1725516   3958940         4
23:36:55      2085096   6794800   6056116     74.39    199192   4867228   5861444     63.78   1725512   3970072         4
23:36:56      2074392   6796444   6066820     74.52    199200   4879668   5860316     63.77   1725524   3981204         4

23:36:56    kbmemfree   kbavail kbmemused  %memused kbbuffers  kbcached  kbcommit   %commit  kbactive   kbinact   kbdirty
23:36:57      2061484   6795692   6079728     74.68    199200   4891800   5860316     63.77   1725528   3993852         4
23:36:58      2049732   6796616   6091480     74.82    199200   4904492   5860316     63.77   1725524   4006684         4
23:36:59      2036304   6795368   6104908     74.99    199200   4916620   5860316     63.77   1725524   4018876         4
23:37:00      2024892   6796208   6116320     75.13    199200   4928816   5861444     63.78   1725532   4030576         4
23:37:01      2014036   6797388   6127176     75.26    199208   4941024   5860316     63.77   1725532   4042316         4
23:37:02      2000916   6796788   6140296     75.42    199208   4953388   5860316     63.77   1725532   4054600         0
23:37:03      1987620   6795568   6153592     75.59    199208   4965364   5860316     63.77   1725532   4067820         0
23:37:04      1977684   6798208   6163528     75.71    199208   4977888   5860316     63.77   1725532   4079064         0
23:37:05      1962608   6795288   6178604     75.89    199208   4990024   5861576     63.78   1725540   4092892         0
23:37:06      1951304   6796796   6189908     76.03    199216   5002804   5860448     63.77   1725544   4104396         0
23:37:07      1939272   6797100   6201940     76.18    199216   5015172   5860448     63.77   1725540   4115984         0
23:37:08      1928816   6798908   6212396     76.31    199216   5027208   5860448     63.77   1725540   4127324         0

23:37:08    kbmemfree   kbavail kbmemused  %memused kbbuffers  kbcached  kbcommit   %commit  kbactive   kbinact   kbdirty
23:37:09      1916296   6798440   6224916     76.46    199216   5039332   5860448     63.77   1725540   4139952         0
23:37:10      1902336   6796664   6238876     76.63    199216   5051520   5861576     63.78   1725548   4153488         0
23:37:11      1889348   6796024   6251864     76.79    199224   5063664   5860448     63.77   1725544   4165396         0
23:37:12      1879432   6798176   6261780     76.91    199224   5075928   5860448     63.77   1725548   4176072         0
23:37:13      1867004   6798392   6274208     77.07    199224   5088480   5860448     63.77   1725548   4189016         0
23:37:14      1857880   6801352   6283332     77.18    199224   5100424   5860448     63.77   1725552   4200072         0
23:37:15      1841292   6797364   6299920     77.38    199224   5113136   5861576     63.78   1725560   4214192         0
23:37:16      1828992   6797312   6312220     77.53    199232   5125364   5860448     63.77   1725560   4226588         0
23:37:17      1818312   6798760   6322900     77.67    199232   5137460   5860448     63.77   1725556   4237012         0
23:37:18      1804692   6796968   6336520     77.83    199232   5149312   5860448     63.77   1725556   4250668         0
23:37:19      1791376   6796160   6349836     78.00    199232   5161720   5860448     63.77   1725556   4263324         0
23:37:20      1781560   6799004   6359652     78.12    199232   5174232   5861576     63.78   1725568   4274472         0

23:37:20    kbmemfree   kbavail kbmemused  %memused kbbuffers  kbcached  kbcommit   %commit  kbactive   kbinact   kbdirty
23:37:21      1767580   6797336   6373632     78.29    199240   5186628   5860448     63.77   1725564   4287092         0
23:37:22      1755672   6798508   6385540     78.43    199240   5199672   5860448     63.77   1725564   4299700         0
23:37:23      1744852   6799924   6396360     78.57    199240   5211968   5860448     63.77   1725572   4310396         0
23:37:24      1733304   6797640   6407908     78.71    199240   5221164   5860448     63.77   1725564   4322212         0
23:37:25      1734996   6808024   6406216     78.69    199240   5229796   5860792     63.78   1725560   4325948         4
23:37:26      1719008   6804200   6422204     78.89    199248   5241908   5859664     63.76   1725576   4338020         8
23:37:27      1706864   6804040   6434348     79.03    199248   5253880   5859664     63.76   1725572   4349784         8
23:37:28      1693200   6802972   6448012     79.20    199248   5266480   5859664     63.76   1725572   4362916         8
23:37:29      1681244   6802884   6459968     79.35    199248   5278280   5859664     63.76   1725572   4374388         8
23:37:30      1669672   6803980   6471540     79.49    199248   5290972   5860792     63.78   1725576   4385356         8
23:37:31      1661596   6802896   6479616     79.59    199256   5297884   5859664     63.76   1725584   4394116         8
23:37:32      1655824   6804916   6485388     79.66    199256   5305688   5859664     63.76   1725580   4399812         8

23:37:32    kbmemfree   kbavail kbmemused  %memused kbbuffers  kbcached  kbcommit   %commit  kbactive   kbinact   kbdirty
23:37:33      1639608   6801548   6501604     79.86    199256   5318532   5859664     63.76   1725580   4415272         8
23:37:34      1626980   6800644   6514232     80.02    199256   5330228   5859664     63.76   1725580   4427604         8
23:37:35      1614716   6800072   6526496     80.17    199256   5341700   5861496     63.78   1725584   4439460         8
23:37:36      1609520   6806376   6531692     80.23    199264   5353348   5860368     63.77   1725592   4448696         8
23:37:37      1600540   6808396   6540672     80.34    199264   5364312   5860368     63.77   1725588   4455540         8
23:37:38      1585792   6804864   6555420     80.52    199264   5375536   5860368     63.77   1725596   4472716         8
23:41:17      1576056   6806660   6565156     80.64    199264   5386988   5863184     63.80   1725596   4485328         8
23:41:18      1563664   6804768   6577548     80.79    199264   5397476   5865016     63.82   1725624   4492588         8
23:41:19      1552472   6804916   6588740     80.93    199272   5408576   5861776     63.79   1725616   4505584         8
23:41:20      1545716   6809776   6595496     81.01    199272   5420164   5862480     63.79   1725612   4514196         8
23:41:21      1529716   6804792   6611496     81.21    199272   5431220   5862480     63.79   1725620   4526148         8
23:41:22      1513996   6801312   6627216     81.40    199272   5443460   5859664     63.76   1725596   4539176         8

23:41:22    kbmemfree   kbavail kbmemused  %memused kbbuffers  kbcached  kbcommit   %commit  kbactive   kbinact   kbdirty
23:41:23      1500288   6799748   6640924     81.57    199272   5455200   5860792     63.78   1725596   4552164         8
23:41:24      1488648   6800644   6652564     81.71    199280   5468036   5859664     63.76   1725604   4564268         8
23:41:25      1476164   6799524   6665048     81.87    199280   5479412   5859664     63.76   1725604   4576036         8
23:41:26      1471768   6806880   6669444     81.92    199280   5491076   5862480     63.79   1725620   4584948         8
23:41:27      1459840   6804972   6681372     82.07    199280   5501100   5864592     63.82   1725632   4597756         8
23:41:28      1451296   6807980   6689916     82.17    199280   5512580   5862904     63.80   1725632   4606640         8
23:41:29      1433528   6801296   6707684     82.39    199288   5523628   5865296     63.82   1725644   4617764         8
23:41:30      1427104   6806596   6714108     82.47    199288   5535364   5863184     63.80   1725636   4627876         8
23:41:31      1416812   6807548   6724400     82.60    199288   5546552   5861776     63.79   1725628   4639408         8
23:41:32      1403912   6805428   6737300     82.76    199288   5557340   5860368     63.77   1725620   4650916         8
23:41:33      1387648   6800360   6753564     82.96    199288   5568480   5861496     63.78   1725628   4664736         8
23:41:34      1375328   6800000   6765884     83.11    199296   5580436   5859664     63.76   1725620   4676588         8

23:41:34    kbmemfree   kbavail kbmemused  %memused kbbuffers  kbcached  kbcommit   %commit  kbactive   kbinact   kbdirty
23:41:35      1362192   6799080   6779020     83.27    199296   5592644   5859664     63.76   1725620   4689388         8
23:41:36      1350680   6799732   6790532     83.41    199296   5604740   5969856     64.96   1725620   4701312         8
23:41:37      1351944   6810872   6789268     83.39    199296   5614592   5863184     63.80   1725644   4707388         0
23:41:38      1351984   6815428   6789228     83.39    199296   5619080   5860656     63.77   1725648   4708216         0
23:41:39      1347332   6810788   6793880     83.45    199304   5619080   5860656     63.77   1725628   4707652         0
23:41:40      1348592   6812052   6792620     83.43    199304   5619080   5859528     63.76   1725628   4707760         0
23:41:41      1348592   6812052   6792620     83.43    199304   5619080   5859664     63.76   2298388   4135396         0
23:41:42      2404812   6817508   5736400     70.46    199304   4570500   5858744     63.75   1725624   3658128       100
23:41:43      2406828   6819524   5734384     70.44    199304   4570500   5886752     64.06   1725660   3659396       104
23:41:44      2397540   6810264   5743672     70.55    199308   4570500   5890976     64.10   1725660   3662072       112
23:41:45      2396544   6809304   5744668     70.56    199308   4570500   5968936     64.95   1725660   3661652       112
23:41:46      2395536   6808288   5745676     70.58    199308   4570500   5858744     63.75   1725648   3662192       112

23:41:46    kbmemfree   kbavail kbmemused  %memused kbbuffers  kbcached  kbcommit   %commit  kbactive   kbinact   kbdirty
23:41:47      2394508   6807260   5746704     70.59    199308   4570500   5861560     63.78   1725672   3667692       112
^C
Average:      2141047   6806075   6000165     73.70    199155   4822746   5862645     63.80   1728275   3915874        17